2024-01-17T13:50:40.333898+0700 DEBUG Hello, MF(debug)!
2024-01-17T13:50:40.337195+0700 DEBUG Hello, MF(debug)!
2024-01-17T13:50:40.338196+0700 DEBUG Hello, MF(debug)!
2024-01-17T13:50:40.340197+0700 DEBUG Hello, MF(debug)!
2024-01-17T13:50:40.341195+0700 DEBUG Hello, MF(debug)!
2024-01-17T13:50:40.342195+0700 DEBUG Hello, MF(debug)!
2024-01-17T13:50:40.344362+0700 DEBUG Hello, MF(debug)!
2024-01-17T13:50:40.347195+0700 DEBUG Hello, MF(debug)!
2024-01-17T13:50:40.348195+0700 DEBUG Hello, MF(debug)!
2024-01-17T13:50:40.349196+0700 DEBUG Hello, MF(debug)!
2024-01-17T13:50:40.350199+0700 DEBUG Hello, MF(debug)!
2024-01-17T13:50:40.352195+0700 DEBUG Hello, MF(debug)!
2024-01-17T13:50:40.353196+0700 DEBUG Hello, MF(debug)!
2024-01-17T13:50:40.379715+0700 DEBUG Hello, MF(debug)!
2024-01-17T13:50:40.383700+0700 DEBUG Hello, MF(debug)!
2024-01-17T13:50:40.385700+0700 DEBUG Hello, MF(debug)!
2024-01-17T13:50:40.386703+0700 DEBUG Hello, MF(debug)!
2024-01-17T13:50:40.388700+0700 DEBUG Hello, MF(debug)!
2024-01-17T13:50:40.389699+0700 DEBUG Hello, MF(debug)!
2024-01-17T13:50:40.390934+0700 DEBUG Hello, MF(debug)!
2024-01-17T13:50:40.391933+0700 DEBUG Hello, MF(debug)!
2024-01-17T13:50:40.394960+0700 DEBUG Hello, MF(debug)!
2024-01-17T13:50:40.398074+0700 DEBUG Hello, MF(debug)!
2024-01-17T13:50:40.400087+0700 DEBUG Hello, MF(debug)!
2024-01-17T13:50:40.401088+0700 DEBUG Hello, MF(debug)!
2024-01-17T13:50:40.402085+0700 DEBUG Hello, MF(debug)!
2024-01-17T13:50:40.403086+0700 DEBUG Hello, MF(debug)!
2024-01-17T13:50:40.404086+0700 DEBUG Hello, MF(debug)!
2024-01-17T13:50:40.405086+0700 DEBUG Hello, MF(debug)!
2024-01-17T13:50:40.406557+0700 DEBUG Hello, MF(debug)!
2024-01-17T13:50:40.407511+0700 DEBUG Hello, MF(debug)!
2024-01-17T13:50:40.408510+0700 DEBUG Hello, MF(debug)!
2024-01-17T13:50:40.411559+0700 DEBUG Hello, MF(debug)!
2024-01-17T13:50:40.414511+0700 DEBUG Hello, MF(debug)!
2024-01-17T13:50:40.415511+0700 DEBUG Hello, MF(debug)!
2024-01-17T13:50:40.416510+0700 DEBUG Hello, MF(debug)!
2024-01-17T13:50:40.416510+0700 DEBUG Hello, MF(debug)!
2024-01-17T13:50:40.418511+0700 DEBUG Hello, MF(debug)!
2024-01-17T13:50:40.418511+0700 DEBUG Hello, MF(debug)!
2024-01-17T13:50:40.419510+0700 DEBUG Hello, MF(debug)!
2024-01-17T13:50:40.420509+0700 DEBUG Hello, MF(debug)!
2024-01-17T13:50:40.421510+0700 DEBUG Hello, MF(debug)!
2024-01-17T13:50:40.423583+0700 DEBUG Hello, MF(debug)!
2024-01-17T13:50:40.424587+0700 DEBUG Hello, MF(debug)!
2024-01-17T13:50:40.425785+0700 DEBUG Hello, MF(debug)!
2024-01-17T13:50:40.428755+0700 DEBUG Hello, MF(debug)!
2024-01-17T13:50:40.432209+0700 DEBUG Hello, MF(debug)!
2024-01-17T13:50:40.433245+0700 DEBUG Hello, MF(debug)!
2024-01-17T13:50:40.434251+0700 DEBUG Hello, MF(debug)!
2024-01-17T13:50:40.434459+0700 DEBUG Hello, MF(debug)!
2024-01-17T13:50:40.435465+0700 DEBUG Hello, MF(debug)!
2024-01-17T13:50:40.436466+0700 DEBUG Hello, MF(debug)!
2024-01-17T13:50:40.437465+0700 DEBUG Hello, MF(debug)!
2024-01-17T13:50:40.438465+0700 DEBUG Hello, MF(debug)!
2024-01-17T13:50:40.439469+0700 DEBUG Hello, MF(debug)!
2024-01-17T13:50:40.440464+0700 DEBUG Hello, MF(debug)!
2024-01-17T13:50:40.441465+0700 DEBUG Hello, MF(debug)!
2024-01-17T13:50:40.444475+0700 DEBUG Hello, MF(debug)!
2024-01-17T13:50:40.446488+0700 DEBUG Hello, MF(debug)!
2024-01-17T13:50:40.448465+0700 DEBUG Hello, MF(debug)!
2024-01-17T13:50:40.449496+0700 DEBUG Hello, MF(debug)!
2024-01-17T13:50:40.449496+0700 DEBUG Hello, MF(debug)!
2024-01-17T13:50:40.450573+0700 DEBUG Hello, MF(debug)!
2024-01-17T13:50:40.451575+0700 DEBUG Hello, MF(debug)!
2024-01-17T13:50:40.453575+0700 DEBUG Hello, MF(debug)!
2024-01-17T13:50:40.454575+0700 DEBUG Hello, MF(debug)!
2024-01-17T13:50:40.454575+0700 DEBUG Hello, MF(debug)!
2024-01-17T13:50:40.455575+0700 DEBUG Hello, MF(debug)!
2024-01-17T13:50:40.456574+0700 DEBUG Hello, MF(debug)!
2024-01-17T13:50:40.457575+0700 DEBUG Hello, MF(debug)!
2024-01-17T13:50:40.459189+0700 DEBUG Hello, MF(debug)!
2024-01-17T13:50:40.461288+0700 DEBUG Hello, MF(debug)!
2024-01-17T13:50:40.464108+0700 DEBUG Hello, MF(debug)!
2024-01-17T13:50:40.465106+0700 DEBUG Hello, MF(debug)!
2024-01-17T13:50:40.467107+0700 DEBUG Hello, MF(debug)!
2024-01-17T13:50:40.468106+0700 DEBUG Hello, MF(debug)!
2024-01-17T13:50:40.468724+0700 DEBUG Hello, MF(debug)!
2024-01-17T13:50:40.469729+0700 DEBUG Hello, MF(debug)!
2024-01-17T13:50:40.470729+0700 DEBUG Hello, MF(debug)!
2024-01-17T13:50:40.471732+0700 DEBUG Hello, MF(debug)!
2024-01-17T13:50:40.472730+0700 DEBUG Hello, MF(debug)!
2024-01-17T13:50:40.473730+0700 DEBUG Hello, MF(debug)!
2024-01-17T13:50:40.474730+0700 DEBUG Hello, MF(debug)!
2024-01-17T13:50:40.475789+0700 DEBUG Hello, MF(debug)!
2024-01-17T13:50:40.478895+0700 DEBUG Hello, MF(debug)!
2024-01-17T13:50:40.481090+0700 DEBUG Hello, MF(debug)!
2024-01-17T13:50:40.482884+0700 DEBUG Hello, MF(debug)!
2024-01-17T13:50:40.483884+0700 DEBUG Hello, MF(debug)!
2024-01-17T13:50:40.484883+0700 DEBUG Hello, MF(debug)!
2024-01-17T13:50:40.485884+0700 DEBUG Hello, MF(debug)!
2024-01-17T13:50:40.486883+0700 DEBUG Hello, MF(debug)!
2024-01-17T13:50:40.487503+0700 DEBUG Hello, MF(debug)!
2024-01-17T13:50:40.488494+0700 DEBUG Hello, MF(debug)!
2024-01-17T13:50:40.489557+0700 DEBUG Hello, MF(debug)!
2024-01-17T13:50:40.490495+0700 DEBUG Hello, MF(debug)!
2024-01-17T13:50:40.491494+0700 DEBUG Hello, MF(debug)!
2024-01-17T13:50:40.492496+0700 DEBUG Hello, MF(debug)!
2024-01-17T13:50:40.495518+0700 DEBUG Hello, MF(debug)!
2024-01-17T13:50:40.497501+0700 DEBUG Hello, MF(debug)!
2024-01-17T13:50:40.499495+0700 DEBUG Hello, MF(debug)!
2024-01-17T13:50:40.500494+0700 DEBUG Hello, MF(debug)!
2024-01-17T13:50:40.501493+0700 DEBUG Hello, MF(debug)!
2024-01-17T13:50:40.501741+0700 DEBUG Hello, MF(debug)!
2024-01-17T13:50:40.502741+0700 DEBUG Hello, MF(debug)!
2024-01-17T13:50:40.503741+0700 DEBUG Hello, MF(debug)!
2024-01-17T13:50:40.504740+0700 DEBUG Hello, MF(debug)!
2024-01-17T13:50:40.505740+0700 DEBUG Hello, MF(debug)!
2024-01-17T13:50:40.506740+0700 DEBUG Hello, MF(debug)!
2024-01-17T13:50:40.507740+0700 DEBUG Hello, MF(debug)!
2024-01-17T13:50:40.509164+0700 DEBUG Hello, MF(debug)!
2024-01-17T13:50:40.511743+0700 DEBUG Hello, MF(debug)!
2024-01-17T13:50:40.513745+0700 DEBUG Hello, MF(debug)!
2024-01-17T13:50:40.514743+0700 DEBUG Hello, MF(debug)!
2024-01-17T13:50:40.516762+0700 DEBUG Hello, MF(debug)!
2024-01-17T13:50:40.517742+0700 DEBUG Hello, MF(debug)!
2024-01-17T13:50:40.518741+0700 DEBUG Hello, MF(debug)!
2024-01-17T13:50:40.519741+0700 DEBUG Hello, MF(debug)!
2024-01-17T13:50:40.520741+0700 DEBUG Hello, MF(debug)!
2024-01-17T13:50:40.522196+0700 DEBUG Hello, MF(debug)!
2024-01-17T13:50:40.523196+0700 DEBUG Hello, MF(debug)!
2024-01-17T13:50:40.524195+0700 DEBUG Hello, MF(debug)!
2024-01-17T13:50:40.525196+0700 DEBUG Hello, MF(debug)!
2024-01-17T13:50:40.528483+0700 DEBUG Hello, MF(debug)!
2024-01-17T13:50:40.530344+0700 DEBUG Hello, MF(debug)!
2024-01-17T13:50:40.532359+0700 DEBUG Hello, MF(debug)!
2024-01-17T13:55:32.763337+0700 ERROR An error has been caught in function '<module>', process 'MainProcess' (6312), thread 'MainThread' (12356):
Traceback (most recent call last):

> File "c:\Users\RU20046792\Projects\bot_scaner_AIO3\logugru_exmpl.py", line 12, in <module>
    main()
    └ <function main at 0x00000227CA4E32E0>

  File "c:\Users\RU20046792\Projects\bot_scaner_AIO3\logugru_exmpl.py", line 10, in main
    div(2,0)
    └ <function div at 0x00000227C641C310>

  File "c:\Users\RU20046792\Projects\bot_scaner_AIO3\logugru_exmpl.py", line 6, in div
    return a / b
           │   └ 0
           └ 2

ZeroDivisionError: division by zero
2024-01-17T14:05:23.371170+0700 ERROR An error has been caught in function 'main', process 'MainProcess' (17876), thread 'MainThread' (1212):
Traceback (most recent call last):

  File "c:\Users\RU20046792\Projects\bot_scaner_AIO3\logugru_exmpl.py", line 12, in <module>
    main()
    └ <function main at 0x0000022C43303010>

> File "c:\Users\RU20046792\Projects\bot_scaner_AIO3\logugru_exmpl.py", line 10, in main
    div(2,0)
    └ <function div at 0x0000022C3F22C160>

  File "c:\Users\RU20046792\Projects\bot_scaner_AIO3\logugru_exmpl.py", line 7, in div
    return a / b
           │   └ 0
           └ 2

ZeroDivisionError: division by zero
2024-01-17T14:06:12.923058+0700 ERROR An error has been caught in function '<module>', process 'MainProcess' (2760), thread 'MainThread' (2068):
Traceback (most recent call last):

> File "c:\Users\RU20046792\Projects\bot_scaner_AIO3\logugru_exmpl.py", line 9, in <module>
    print(div(2,0))
          └ <function div at 0x000001C7BB16C0D0>

  File "c:\Users\RU20046792\Projects\bot_scaner_AIO3\logugru_exmpl.py", line 7, in div
    return a / b
           │   └ 0
           └ 2

ZeroDivisionError: division by zero
